[2022-12-06 11:07:35,830] INFO     => connection.start: Connected to redis://redis:6379/0
[2022-12-06 11:07:35,835] INFO     => mingle.sync: mingle: searching for neighbors
[2022-12-06 11:07:36,848] INFO     => mingle.sync: mingle: all alone
[2022-12-06 11:07:36,866] WARNING  => warnings._showwarnmsg: /usr/local/lib/python3.11/site-packages/celery/fixups/django.py:203: UserWarning: Using settings.DEBUG leads to a memory
            leak, never use this setting in production environments!
  warnings.warn('''Using settings.DEBUG leads to a memory

[2022-12-06 11:07:36,867] INFO     => worker.on_consumer_ready: celery@42fa1fee200e ready.
[2022-12-06 11:07:39,387] INFO     => control.enable_events: Events of group {task} enabled by remote.
[2022-12-06 11:08:03,240] INFO     => beat.start: beat: Starting...
[2022-12-06 11:08:03,971] INFO     => connection.start: Connected to redis://redis:6379/0
[2022-12-06 11:08:03,975] INFO     => mingle.sync: mingle: searching for neighbors
[2022-12-06 11:08:04,987] INFO     => mingle.sync: mingle: all alone
[2022-12-06 11:08:05,013] WARNING  => warnings._showwarnmsg: /usr/local/lib/python3.11/site-packages/celery/fixups/django.py:203: UserWarning: Using settings.DEBUG leads to a memory
            leak, never use this setting in production environments!
  warnings.warn('''Using settings.DEBUG leads to a memory

[2022-12-06 11:08:05,015] INFO     => worker.on_consumer_ready: celery@5db9a2024b09 ready.
[2022-12-06 11:08:13,546] INFO     => control.enable_events: Events of group {task} enabled by remote.
[2022-12-06 11:08:38,052] INFO     => strategy.task_message_handler: Task polls.tasks.task_send_welcome_email[5101ac10-87c5-4699-9727-3cde6bfce794] received
[2022-12-06 11:08:38,075] INFO     => trace.info: Task polls.tasks.task_send_welcome_email[5101ac10-87c5-4699-9727-3cde6bfce794] succeeded in 0.020019114000206173s: None
[2022-12-06 11:10:00,498] INFO     => beat.start: beat: Starting...
[2022-12-06 11:10:01,350] INFO     => connection.start: Connected to redis://redis:6379/0
[2022-12-06 11:10:01,357] INFO     => mingle.sync: mingle: searching for neighbors
[2022-12-06 11:10:02,367] INFO     => mingle.sync: mingle: all alone
[2022-12-06 11:10:02,382] WARNING  => warnings._showwarnmsg: /usr/local/lib/python3.11/site-packages/celery/fixups/django.py:203: UserWarning: Using settings.DEBUG leads to a memory
            leak, never use this setting in production environments!
  warnings.warn('''Using settings.DEBUG leads to a memory

[2022-12-06 11:10:02,383] INFO     => worker.on_consumer_ready: celery@86b63aae9627 ready.
[2022-12-06 11:10:08,644] INFO     => strategy.task_message_handler: Task polls.tasks.task_send_welcome_email[79a9120d-d45d-4aae-a212-7d8e578845cf] received
[2022-12-06 11:10:08,666] INFO     => trace.info: Task polls.tasks.task_send_welcome_email[79a9120d-d45d-4aae-a212-7d8e578845cf] succeeded in 0.0195744040001955s: None
[2022-12-06 11:10:10,760] INFO     => control.enable_events: Events of group {task} enabled by remote.
[2022-12-06 11:10:22,623] INFO     => strategy.task_message_handler: Task polls.tasks.task_send_welcome_email[412aac64-c439-41ef-9095-dddef82e60c8] received
[2022-12-06 11:10:22,643] INFO     => trace.info: Task polls.tasks.task_send_welcome_email[412aac64-c439-41ef-9095-dddef82e60c8] succeeded in 0.0178895230001217s: None
[2022-12-06 11:10:27,287] INFO     => strategy.task_message_handler: Task polls.tasks.task_send_welcome_email[084dd788-0ce0-4a76-ad63-d7af95c6604d] received
[2022-12-06 11:10:27,303] INFO     => trace.info: Task polls.tasks.task_send_welcome_email[084dd788-0ce0-4a76-ad63-d7af95c6604d] succeeded in 0.01407881900013308s: None
